<?xml version="1.0" encoding="UTF-8"?>
<testsuite xmlns:xsi="http://www.w3.org/2001/XMLSchema-instance" xsi:noNamespaceSchemaLocation="https://maven.apache.org/surefire/maven-surefire-plugin/xsd/surefire-test-report-3.0.xsd" version="3.0" name="com.dto.test.TelephoneDialPadTest" time="0.913" tests="12" errors="0" skipped="0" failures="3">
  <properties>
[...]
</properties>
  <testcase name="testRetrieveCombinations[1, [1]](1)" classname="com.dto.test.TelephoneDialPadTest" time="0.009">
    <system-err><![CDATA[SLF4J: Failed to load class "org.slf4j.impl.StaticLoggerBinder".
SLF4J: Defaulting to no-operation (NOP) logger implementation
SLF4J: See http://www.slf4j.org/codes.html#StaticLoggerBinder for further details.
]]></system-err>
  </testcase>
  <testcase name="testRetrieveCombinations[23, [AD, AE, AF, BD, BE, BF, CD, CE, CF]](2)" classname="com.dto.test.TelephoneDialPadTest" time="0"/>
  <testcase name="testRetrieveCombinations[234, [ADG, ADH, ADI, AEG, AEH, AEI, AFG, AFH, AFI, BDG, BDH, BDI, BEG, BEH, BEI, BFG, BFH, BFI, CDG, CDH, CDI, CEG, CEH, CEI, CFG, CFH, CFI]](3)" classname="com.dto.test.TelephoneDialPadTest" time="0.001"/>
  <testcase name="testRetrieveCombinations[567, [JMJ, JMK, JML, JNK, JNL, JNM, JOK, JOL, JOM, KMJ, KMK, KML, KNK, KNL, KNM, KOK, KOL, KOM, LMJ, LMK, LML, LNK, LNL, LNM, LOK, LOL, LOM]](4)" classname="com.dto.test.TelephoneDialPadTest" time="0.011">
    <failure message="Mismatch for input: 567 actual =[JMP, JMQ, JMR, JMS, JNP, JNQ, JNR, JNS, JOP, JOQ, JOR, JOS, KMP, KMQ, KMR, KMS, KNP, KNQ, KNR, KNS, KOP, KOQ, KOR, KOS, LMP, LMQ, LMR, LMS, LNP, LNQ, LNR, LNS, LOP, LOQ, LOR, LOS]expected from json = [JMJ, JMK, JML, JNK, JNL, JNM, JOK, JOL, JOM, KMJ, KMK, KML, KNK, KNL, KNM, KOK, KOL, KOM, LMJ, LMK, LML, LNK, LNL, LNM, LOK, LOL, LOM]: lists don&apos;t have the same size expected [27] but found [36]" type="java.lang.AssertionError"><![CDATA[java.lang.AssertionError: Mismatch for input: 567 actual =[JMP, JMQ, JMR, JMS, JNP, JNQ, JNR, JNS, JOP, JOQ, JOR, JOS, KMP, KMQ, KMR, KMS, KNP, KNQ, KNR, KNS, KOP, KOQ, KOR, KOS, LMP, LMQ, LMR, LMS, LNP, LNQ, LNR, LNS, LOP, LOQ, LOR, LOS]expected from json = [JMJ, JMK, JML, JNK, JNL, JNM, JOK, JOL, JOM, KMJ, KMK, KML, KNK, KNL, KNM, KOK, KOL, KOM, LMJ, LMK, LML, LNK, LNL, LNM, LOK, LOL, LOM]: lists don't have the same size expected [27] but found [36]
	at org.testng.Assert.fail(Assert.java:111)
	at org.testng.Assert.failNotEquals(Assert.java:1578)
	at org.testng.Assert.assertEqualsImpl(Assert.java:150)
	at org.testng.Assert.assertEquals(Assert.java:132)
	at org.testng.Assert.assertEquals(Assert.java:1419)
	at org.testng.Assert.assertEquals(Assert.java:1383)
	at org.testng.Assert.assertEquals(Assert.java:1630)
	at com.dto.test.TelephoneDialPadTest.testRetrieveCombinations(TelephoneDialPadTest.java:41)
	at java.base/jdk.internal.reflect.NativeMethodAccessorImpl.invoke0(Native Method)
	at java.base/jdk.internal.reflect.NativeMethodAccessorImpl.invoke(NativeMethodAccessorImpl.java:77)
	at java.base/jdk.internal.reflect.DelegatingMethodAccessorImpl.invoke(DelegatingMethodAccessorImpl.java:43)
	at java.base/java.lang.reflect.Method.invoke(Method.java:568)
	at org.testng.internal.invokers.MethodInvocationHelper.invokeMethod(MethodInvocationHelper.java:141)
	at org.testng.internal.invokers.TestInvoker.invokeMethod(TestInvoker.java:686)
	at org.testng.internal.invokers.TestInvoker.invokeTestMethod(TestInvoker.java:230)
	at org.testng.internal.invokers.MethodRunner.runInSequence(MethodRunner.java:63)
	at org.testng.internal.invokers.TestInvoker$MethodInvocationAgent.invoke(TestInvoker.java:992)
	at org.testng.internal.invokers.TestInvoker.invokeTestMethods(TestInvoker.java:203)
	at org.testng.internal.invokers.TestMethodWorker.invokeTestMethods(TestMethodWorker.java:154)
	at org.testng.internal.invokers.TestMethodWorker.run(TestMethodWorker.java:134)
	at java.base/java.util.ArrayList.forEach(ArrayList.java:1511)
	at org.testng.TestRunner.privateRun(TestRunner.java:739)
	at org.testng.TestRunner.run(TestRunner.java:614)
	at org.testng.SuiteRunner.runTest(SuiteRunner.java:421)
	at org.testng.SuiteRunner.runSequentially(SuiteRunner.java:413)
	at org.testng.SuiteRunner.privateRun(SuiteRunner.java:373)
	at org.testng.SuiteRunner.run(SuiteRunner.java:312)
	at org.testng.SuiteRunnerWorker.runSuite(SuiteRunnerWorker.java:52)
	at org.testng.SuiteRunnerWorker.run(SuiteRunnerWorker.java:95)
	at org.testng.TestNG.runSuitesSequentially(TestNG.java:1274)
	at org.testng.TestNG.runSuitesLocally(TestNG.java:1208)
	at org.testng.TestNG.runSuites(TestNG.java:1112)
	at org.testng.TestNG.run(TestNG.java:1079)
	at org.apache.maven.surefire.testng.TestNGExecutor.run(TestNGExecutor.java:155)
	at org.apache.maven.surefire.testng.TestNGDirectoryTestSuite.executeSingleClass(TestNGDirectoryTestSuite.java:102)
	at org.apache.maven.surefire.testng.TestNGDirectoryTestSuite.execute(TestNGDirectoryTestSuite.java:91)
	at org.apache.maven.surefire.testng.TestNGProvider.invoke(TestNGProvider.java:137)
	at org.apache.maven.surefire.booter.ForkedBooter.runSuitesInProcess(ForkedBooter.java:385)
	at org.apache.maven.surefire.booter.ForkedBooter.execute(ForkedBooter.java:162)
	at org.apache.maven.surefire.booter.ForkedBooter.run(ForkedBooter.java:507)
	at org.apache.maven.surefire.booter.ForkedBooter.main(ForkedBooter.java:495)
]]></failure>
  </testcase>
  <testcase name="testRetrieveCombinations[78, [PT, PU, PV, QT, QU, QV, RT, RU, RV, ST, SU, SV]](5)" classname="com.dto.test.TelephoneDialPadTest" time="0.001"/>
  <testcase name="testRetrieveCombinations[90, [W0, X0, Y0, Z0]](6)" classname="com.dto.test.TelephoneDialPadTest" time="0.001"/>
  <testcase name="testRetrieveCombinations[2, [A, B, C]](7)" classname="com.dto.test.TelephoneDialPadTest" time="0.002"/>
  <testcase name="testRetrieveCombinations[345, [DGL, DGM, DGN, DHL, DHM, DHN, DIL, DIM, DIN, EGL, EGM, EGN, EHL, EHM, EHN, EIL, EIM, EIN, FGL, FGM, FGN, FHL, FHM, FHN, FIL, FIM, FIN]](8)" classname="com.dto.test.TelephoneDialPadTest" time="0.001">
    <failure message="Mismatch for input: 345 actual =[DGJ, DGK, DGL, DHJ, DHK, DHL, DIJ, DIK, DIL, EGJ, EGK, EGL, EHJ, EHK, EHL, EIJ, EIK, EIL, FGJ, FGK, FGL, FHJ, FHK, FHL, FIJ, FIK, FIL]expected from json = [DGL, DGM, DGN, DHL, DHM, DHN, DIL, DIM, DIN, EGL, EGM, EGN, EHL, EHM, EHN, EIL, EIM, EIN, FGL, FGM, FGN, FHL, FHM, FHN, FIL, FIM, FIN]: Lists differ at element [0]: DGL != DGJ expected [DGL] but found [DGJ]" type="java.lang.AssertionError"><![CDATA[java.lang.AssertionError: Mismatch for input: 345 actual =[DGJ, DGK, DGL, DHJ, DHK, DHL, DIJ, DIK, DIL, EGJ, EGK, EGL, EHJ, EHK, EHL, EIJ, EIK, EIL, FGJ, FGK, FGL, FHJ, FHK, FHL, FIJ, FIK, FIL]expected from json = [DGL, DGM, DGN, DHL, DHM, DHN, DIL, DIM, DIN, EGL, EGM, EGN, EHL, EHM, EHN, EIL, EIM, EIN, FGL, FGM, FGN, FHL, FHM, FHN, FIL, FIM, FIN]: Lists differ at element [0]: DGL != DGJ expected [DGL] but found [DGJ]
	at org.testng.Assert.fail(Assert.java:111)
	at org.testng.Assert.failNotEquals(Assert.java:1578)
	at org.testng.Assert.assertEqualsImpl(Assert.java:150)
	at org.testng.Assert.assertEquals(Assert.java:1644)
	at com.dto.test.TelephoneDialPadTest.testRetrieveCombinations(TelephoneDialPadTest.java:41)
	at java.base/jdk.internal.reflect.NativeMethodAccessorImpl.invoke0(Native Method)
	at java.base/jdk.internal.reflect.NativeMethodAccessorImpl.invoke(NativeMethodAccessorImpl.java:77)
	at java.base/jdk.internal.reflect.DelegatingMethodAccessorImpl.invoke(DelegatingMethodAccessorImpl.java:43)
	at java.base/java.lang.reflect.Method.invoke(Method.java:568)
	at org.testng.internal.invokers.MethodInvocationHelper.invokeMethod(MethodInvocationHelper.java:141)
	at org.testng.internal.invokers.TestInvoker.invokeMethod(TestInvoker.java:686)
	at org.testng.internal.invokers.TestInvoker.invokeTestMethod(TestInvoker.java:230)
	at org.testng.internal.invokers.MethodRunner.runInSequence(MethodRunner.java:63)
	at org.testng.internal.invokers.TestInvoker$MethodInvocationAgent.invoke(TestInvoker.java:992)
	at org.testng.internal.invokers.TestInvoker.invokeTestMethods(TestInvoker.java:203)
	at org.testng.internal.invokers.TestMethodWorker.invokeTestMethods(TestMethodWorker.java:154)
	at org.testng.internal.invokers.TestMethodWorker.run(TestMethodWorker.java:134)
	at java.base/java.util.ArrayList.forEach(ArrayList.java:1511)
	at org.testng.TestRunner.privateRun(TestRunner.java:739)
	at org.testng.TestRunner.run(TestRunner.java:614)
	at org.testng.SuiteRunner.runTest(SuiteRunner.java:421)
	at org.testng.SuiteRunner.runSequentially(SuiteRunner.java:413)
	at org.testng.SuiteRunner.privateRun(SuiteRunner.java:373)
	at org.testng.SuiteRunner.run(SuiteRunner.java:312)
	at org.testng.SuiteRunnerWorker.runSuite(SuiteRunnerWorker.java:52)
	at org.testng.SuiteRunnerWorker.run(SuiteRunnerWorker.java:95)
	at org.testng.TestNG.runSuitesSequentially(TestNG.java:1274)
	at org.testng.TestNG.runSuitesLocally(TestNG.java:1208)
	at org.testng.TestNG.runSuites(TestNG.java:1112)
	at org.testng.TestNG.run(TestNG.java:1079)
	at org.apache.maven.surefire.testng.TestNGExecutor.run(TestNGExecutor.java:155)
	at org.apache.maven.surefire.testng.TestNGDirectoryTestSuite.executeSingleClass(TestNGDirectoryTestSuite.java:102)
	at org.apache.maven.surefire.testng.TestNGDirectoryTestSuite.execute(TestNGDirectoryTestSuite.java:91)
	at org.apache.maven.surefire.testng.TestNGProvider.invoke(TestNGProvider.java:137)
	at org.apache.maven.surefire.booter.ForkedBooter.runSuitesInProcess(ForkedBooter.java:385)
	at org.apache.maven.surefire.booter.ForkedBooter.execute(ForkedBooter.java:162)
	at org.apache.maven.surefire.booter.ForkedBooter.run(ForkedBooter.java:507)
	at org.apache.maven.surefire.booter.ForkedBooter.main(ForkedBooter.java:495)
]]></failure>
  </testcase>
  <testcase name="testRetrieveCombinations[89, [TW, TX, TY, TZ, UW, UX, UY, UZ, VW, VX, VY, VZ]](9)" classname="com.dto.test.TelephoneDialPadTest" time="0.001"/>
  <testcase name="testRetrieveCombinations[, []](10)" classname="com.dto.test.TelephoneDialPadTest" time="0.001">
    <failure message="Mismatch for input:  actual =[Invalid Input]expected from json = []: lists don&apos;t have the same size expected [0] but found [1]" type="java.lang.AssertionError"><![CDATA[java.lang.AssertionError: Mismatch for input:  actual =[Invalid Input]expected from json = []: lists don't have the same size expected [0] but found [1]
	at org.testng.Assert.fail(Assert.java:111)
	at org.testng.Assert.failNotEquals(Assert.java:1578)
	at org.testng.Assert.assertEqualsImpl(Assert.java:150)
	at org.testng.Assert.assertEquals(Assert.java:132)
	at org.testng.Assert.assertEquals(Assert.java:1419)
	at org.testng.Assert.assertEquals(Assert.java:1383)
	at org.testng.Assert.assertEquals(Assert.java:1630)
	at com.dto.test.TelephoneDialPadTest.testRetrieveCombinations(TelephoneDialPadTest.java:41)
	at java.base/jdk.internal.reflect.NativeMethodAccessorImpl.invoke0(Native Method)
	at java.base/jdk.internal.reflect.NativeMethodAccessorImpl.invoke(NativeMethodAccessorImpl.java:77)
	at java.base/jdk.internal.reflect.DelegatingMethodAccessorImpl.invoke(DelegatingMethodAccessorImpl.java:43)
	at java.base/java.lang.reflect.Method.invoke(Method.java:568)
	at org.testng.internal.invokers.MethodInvocationHelper.invokeMethod(MethodInvocationHelper.java:141)
	at org.testng.internal.invokers.TestInvoker.invokeMethod(TestInvoker.java:686)
	at org.testng.internal.invokers.TestInvoker.invokeTestMethod(TestInvoker.java:230)
	at org.testng.internal.invokers.MethodRunner.runInSequence(MethodRunner.java:63)
	at org.testng.internal.invokers.TestInvoker$MethodInvocationAgent.invoke(TestInvoker.java:992)
	at org.testng.internal.invokers.TestInvoker.invokeTestMethods(TestInvoker.java:203)
	at org.testng.internal.invokers.TestMethodWorker.invokeTestMethods(TestMethodWorker.java:154)
	at org.testng.internal.invokers.TestMethodWorker.run(TestMethodWorker.java:134)
	at java.base/java.util.ArrayList.forEach(ArrayList.java:1511)
	at org.testng.TestRunner.privateRun(TestRunner.java:739)
	at org.testng.TestRunner.run(TestRunner.java:614)
	at org.testng.SuiteRunner.runTest(SuiteRunner.java:421)
	at org.testng.SuiteRunner.runSequentially(SuiteRunner.java:413)
	at org.testng.SuiteRunner.privateRun(SuiteRunner.java:373)
	at org.testng.SuiteRunner.run(SuiteRunner.java:312)
	at org.testng.SuiteRunnerWorker.runSuite(SuiteRunnerWorker.java:52)
	at org.testng.SuiteRunnerWorker.run(SuiteRunnerWorker.java:95)
	at org.testng.TestNG.runSuitesSequentially(TestNG.java:1274)
	at org.testng.TestNG.runSuitesLocally(TestNG.java:1208)
	at org.testng.TestNG.runSuites(TestNG.java:1112)
	at org.testng.TestNG.run(TestNG.java:1079)
	at org.apache.maven.surefire.testng.TestNGExecutor.run(TestNGExecutor.java:155)
	at org.apache.maven.surefire.testng.TestNGDirectoryTestSuite.executeSingleClass(TestNGDirectoryTestSuite.java:102)
	at org.apache.maven.surefire.testng.TestNGDirectoryTestSuite.execute(TestNGDirectoryTestSuite.java:91)
	at org.apache.maven.surefire.testng.TestNGProvider.invoke(TestNGProvider.java:137)
	at org.apache.maven.surefire.booter.ForkedBooter.runSuitesInProcess(ForkedBooter.java:385)
	at org.apache.maven.surefire.booter.ForkedBooter.execute(ForkedBooter.java:162)
	at org.apache.maven.surefire.booter.ForkedBooter.run(ForkedBooter.java:507)
	at org.apache.maven.surefire.booter.ForkedBooter.main(ForkedBooter.java:495)
]]></failure>
  </testcase>
  <testcase name="testInvalidInput" classname="com.dto.test.TelephoneDialPadTest" time="0.001"/>
  <testcase name="testNullInput" classname="com.dto.test.TelephoneDialPadTest" time="0"/>
</testsuite>