<?xml version="1.0" encoding="UTF-8"?>
<!-- Generated by org.testng.reporters.JUnitXMLReporter -->
<testsuite ignored="0" hostname="LAPTOP-NVHIHNE3" failures="2" tests="11" name="Telephone Dial Pad Test" time="0.599" errors="0" timestamp="2024-12-21T20:56:17 IST">
  <testcase classname="com.dto.test.TelephoneDialPadTest" name="testRetrieveCombinations" time="0.02"/>
  <testcase classname="com.dto.test.TelephoneDialPadTest" name="testRetrieveCombinations" time="0.001"/>
  <testcase classname="com.dto.test.TelephoneDialPadTest" name="testRetrieveCombinations" time="0.001"/>
  <testcase classname="com.dto.test.TelephoneDialPadTest" name="testRetrieveCombinations" time="0.008">
    <failure type="java.lang.AssertionError" message="Mismatch for input: 567 actual =[JMP, JMQ, JMR, JMS, JNP, JNQ, JNR, JNS, JOP, JOQ, JOR, JOS, KMP, KMQ, KMR, KMS, KNP, KNQ, KNR, KNS, KOP, KOQ, KOR, KOS, LMP, LMQ, LMR, LMS, LNP, LNQ, LNR, LNS, LOP, LOQ, LOR, LOS]expected from json = [JMJ, JMK, JML, JNK, JNL, JNM, JOK, JOL, JOM, KMJ, KMK, KML, KNK, KNL, KNM, KOK, KOL, KOM, LMJ, LMK, LML, LNK, LNL, LNM, LOK, LOL, LOM]: lists don&amp;apos;t have the same size expected [27] but found [36]">
      <![CDATA[java.lang.AssertionError: Mismatch for input: 567 actual =[JMP, JMQ, JMR, JMS, JNP, JNQ, JNR, JNS, JOP, JOQ, JOR, JOS, KMP, KMQ, KMR, KMS, KNP, KNQ, KNR, KNS, KOP, KOQ, KOR, KOS, LMP, LMQ, LMR, LMS, LNP, LNQ, LNR, LNS, LOP, LOQ, LOR, LOS]expected from json = [JMJ, JMK, JML, JNK, JNL, JNM, JOK, JOL, JOM, KMJ, KMK, KML, KNK, KNL, KNM, KOK, KOL, KOM, LMJ, LMK, LML, LNK, LNL, LNM, LOK, LOL, LOM]: lists don't have the same size expected [27] but found [36]
at com.dto.test.TelephoneDialPadTest.testRetrieveCombinations(TelephoneDialPadTest.java:39)
at java.base/java.util.ArrayList.forEach(ArrayList.java:1511)
... Removed 38 stack frames]]>
    </failure>
  </testcase> <!-- testRetrieveCombinations -->
  <testcase classname="com.dto.test.TelephoneDialPadTest" name="testRetrieveCombinations" time="0.001"/>
  <testcase classname="com.dto.test.TelephoneDialPadTest" name="testRetrieveCombinations" time="0.001"/>
  <testcase classname="com.dto.test.TelephoneDialPadTest" name="testRetrieveCombinations" time="0.0"/>
  <testcase classname="com.dto.test.TelephoneDialPadTest" name="testRetrieveCombinations" time="0.002">
    <failure type="java.lang.AssertionError" message="Mismatch for input: 345 actual =[DGJ, DGK, DGL, DHJ, DHK, DHL, DIJ, DIK, DIL, EGJ, EGK, EGL, EHJ, EHK, EHL, EIJ, EIK, EIL, FGJ, FGK, FGL, FHJ, FHK, FHL, FIJ, FIK, FIL]expected from json = [DGL, DGM, DGN, DHL, DHM, DHN, DIL, DIM, DIN, EGL, EGM, EGN, EHL, EHM, EHN, EIL, EIM, EIN, FGL, FGM, FGN, FHL, FHM, FHN, FIL, FIM, FIN]: Lists differ at element [0]: DGL != DGJ expected [DGL] but found [DGJ]">
      <![CDATA[java.lang.AssertionError: Mismatch for input: 345 actual =[DGJ, DGK, DGL, DHJ, DHK, DHL, DIJ, DIK, DIL, EGJ, EGK, EGL, EHJ, EHK, EHL, EIJ, EIK, EIL, FGJ, FGK, FGL, FHJ, FHK, FHL, FIJ, FIK, FIL]expected from json = [DGL, DGM, DGN, DHL, DHM, DHN, DIL, DIM, DIN, EGL, EGM, EGN, EHL, EHM, EHN, EIL, EIM, EIN, FGL, FGM, FGN, FHL, FHM, FHN, FIL, FIM, FIN]: Lists differ at element [0]: DGL != DGJ expected [DGL] but found [DGJ]
at com.dto.test.TelephoneDialPadTest.testRetrieveCombinations(TelephoneDialPadTest.java:39)
at java.base/java.util.ArrayList.forEach(ArrayList.java:1511)
... Removed 35 stack frames]]>
    </failure>
  </testcase> <!-- testRetrieveCombinations -->
  <testcase classname="com.dto.test.TelephoneDialPadTest" name="testRetrieveCombinations" time="0.0"/>
  <testcase classname="com.dto.test.TelephoneDialPadTest" name="testInvalidInput" time="0.005"/>
  <testcase classname="com.dto.test.TelephoneDialPadTest" name="testNullInput" time="0.0"/>
</testsuite> <!-- Telephone Dial Pad Test -->
